SF:lib/core/clients/mqtt_client.dart
DA:12,0
DA:20,0
DA:25,0
DA:26,0
DA:27,0
DA:31,0
DA:32,0
DA:36,0
DA:37,0
DA:41,0
DA:42,0
DA:43,0
DA:46,0
DA:58,0
DA:59,0
DA:62,0
DA:63,0
DA:64,0
DA:65,0
DA:66,0
DA:67,0
DA:68,0
DA:69,0
DA:72,0
DA:76,0
DA:81,0
DA:83,0
DA:84,0
DA:86,0
DA:90,0
DA:95,0
DA:99,0
LF:32
LH:0
end_of_record
SF:lib/core/errors/custom_exception.dart
DA:4,0
DA:12,0
DA:18,0
DA:24,0
DA:30,0
DA:36,0
DA:42,0
LF:7
LH:0
end_of_record
SF:lib/core/errors/failure.dart
DA:4,0
DA:12,0
DA:18,0
DA:24,0
DA:30,0
DA:36,0
DA:42,0
DA:48,0
LF:8
LH:0
end_of_record
SF:lib/features/iot_unity_platform/data/data_sources/iot_unity_platform_remote_data_source.dart
DA:19,0
DA:28,1
DA:34,1
DA:43,1
DA:44,1
DA:45,1
DA:46,1
DA:48,2
DA:49,2
DA:50,2
DA:52,1
DA:54,0
DA:55,0
DA:57,0
DA:59,0
DA:62,0
DA:63,0
DA:65,0
DA:68,0
DA:70,0
DA:72,0
DA:73,0
DA:77,2
DA:95,1
DA:96,0
DA:97,2
DA:98,1
DA:101,1
DA:104,0
DA:108,0
DA:109,0
DA:110,0
DA:112,0
DA:121,0
DA:122,0
DA:128,0
DA:137,0
DA:140,0
DA:141,0
DA:142,0
DA:143,0
DA:145,0
DA:146,0
DA:147,0
DA:148,0
DA:149,0
DA:151,0
DA:154,0
DA:155,0
DA:156,0
DA:161,0
DA:162,0
DA:163,0
DA:165,0
DA:166,0
DA:167,0
DA:168,0
DA:170,0
DA:171,0
DA:181,0
DA:182,0
DA:183,0
DA:185,0
DA:196,0
DA:200,0
DA:201,0
DA:202,0
DA:204,0
DA:212,0
DA:215,0
DA:216,0
DA:217,0
LF:72
LH:15
end_of_record
SF:lib/features/iot_unity_platform/data/models/iot_unity_platform_model.dart
DA:10,1
DA:15,0
DA:16,0
DA:18,0
LF:4
LH:1
end_of_record
SF:lib/features/iot_unity_platform/data/models/iot_unity_platform_model.g.dart
DA:9,0
DA:11,0
DA:12,0
DA:13,0
DA:16,0
DA:18,0
DA:19,0
DA:20,0
LF:8
LH:0
end_of_record
SF:lib/features/iot_unity_platform/domain/entities/iot_unity_platform_entity.dart
DA:6,1
DA:14,0
DA:15,0
DA:16,0
DA:17,0
LF:5
LH:1
end_of_record
SF:lib/core/clients/http_client.dart
DA:4,0
LF:1
LH:0
end_of_record
