SF:lib/features/iot_unity_platform/domain/repositories/iot_unity_platform_repository.dart
DA:8,0
LF:1
LH:0
end_of_record
SF:lib/core/clients/http_client.dart
DA:4,0
LF:1
LH:0
end_of_record
SF:lib/core/clients/mqtt_client.dart
DA:12,1
DA:20,1
DA:25,1
DA:26,1
DA:27,1
DA:31,1
DA:32,1
DA:36,1
DA:37,1
DA:41,1
DA:42,2
DA:43,1
DA:46,1
DA:56,1
DA:57,1
DA:60,1
DA:61,1
DA:62,1
DA:63,1
DA:64,1
DA:65,1
DA:66,1
DA:69,1
DA:73,2
DA:78,3
DA:80,1
DA:81,2
DA:83,1
DA:87,2
DA:92,1
DA:96,2
LF:31
LH:31
end_of_record
SF:lib/core/usecases/usecase.dart
DA:9,0
LF:1
LH:0
end_of_record
SF:lib/features/iot_unity_platform/domain/usecases/get_data_from_iot_unity_platform_use_case.dart
DA:11,1
DA:17,1
DA:21,2
LF:3
LH:3
end_of_record
SF:lib/features/iot_unity_platform/domain/entities/iot_unity_platform_entity.dart
DA:6,3
DA:14,1
DA:15,1
DA:16,1
DA:17,1
LF:5
LH:5
end_of_record
SF:lib/core/errors/custom_exception.dart
DA:4,0
DA:12,0
LF:2
LH:0
end_of_record
SF:lib/core/errors/failure.dart
DA:4,0
DA:12,0
LF:2
LH:0
end_of_record
SF:lib/features/iot_unity_platform/data/data_sources/iot_unity_platform_remote_data_source.dart
DA:14,0
DA:23,1
DA:29,1
DA:33,1
DA:34,1
DA:35,2
DA:36,2
DA:37,2
DA:39,1
DA:42,2
DA:44,2
DA:45,2
LF:12
LH:11
end_of_record
SF:lib/features/iot_unity_platform/data/models/iot_unity_platform_model.dart
DA:10,2
DA:15,1
DA:16,1
DA:18,2
LF:4
LH:4
end_of_record
SF:lib/features/iot_unity_platform/data/models/iot_unity_platform_model.g.dart
DA:9,1
DA:11,1
DA:12,2
DA:13,2
DA:16,1
DA:18,1
DA:19,1
DA:20,1
LF:8
LH:8
end_of_record
SF:lib/features/iot_unity_platform/data/repositories/iot_unity_platform_repository_implementation.dart
DA:10,0
DA:12,0
DA:17,0
LF:3
LH:0
end_of_record
